<?xml version="1.0" encoding="UTF-8"?>
<testng-results ignored="0" total="1" passed="1" failed="0" skipped="0">
  <reporter-output>
  </reporter-output>
  <suite started-at="2025-02-13T18:45:33 IST" name="Suite" finished-at="2025-02-13T18:46:12 IST" duration-ms="38064">
    <groups>
    </groups>
    <test started-at="2025-02-13T18:45:33 IST" name="Test" finished-at="2025-02-13T18:46:12 IST" duration-ms="38064">
      <class name="Demo.Form1">
        <test-method signature="Amethode()[pri:0, instance:Demo.Form1@2145b572]" started-at="2025-02-13T18:45:34 IST" name="Amethode" finished-at="2025-02-13T18:46:12 IST" duration-ms="37787" status="PASS">
          <reporter-output>
          </reporter-output>
        </test-method> <!-- Amethode -->
      </class> <!-- Demo.Form1 -->
    </test> <!-- Test -->
  </suite> <!-- Suite -->
</testng-results>
